Challenge: DISCORD - 4
First Blood: UNIv - 45
Challenge: life too short - 41
First Blood: UNIv - 45
Challenge: newbie - 31
First Blood: srang - 41
Challenge: welcome - 20
First Blood: UNIv - 45
Challenge: insect - 42
First Blood: UNIv - 45
Challenge: nothing - 18
First Blood: UNIv - 45
Challenge: Muya-ho! - 36
First Blood: srang - 41
Challenge: square - 14
First Blood: srang - 41
Challenge: Is it important only result? - 26
First Blood: srang - 41
Challenge: caesar_1 - 24
First Blood: UNIv - 45
Challenge: soo cute cat - 13
First Blood: srang - 41
Challenge: swag - 43
First Blood: UNIv - 45
Challenge: easy login - 7
First Blood: UNIv - 45
Challenge: mystery sign - 23
First Blood: wvwvvwvw - 36
Challenge: js is pain - 48
First Blood: wvwvvwvw - 36
Challenge: viewtiful - 27
First Blood: UNIv - 45
Challenge: believe ur minds - 10
First Blood: wvwvvwvw - 36
