[02/15/2021 08:02:17] None submitted b'test' on 6 with kpm 0 [CORRECT]
[02/15/2021 08:03:04] None submitted b'test' on 6 with kpm 0 [CORRECT]
[02/15/2021 08:04:06] None submitted b'test' on 6 with kpm 0 [CORRECT]
[02/26/2021 17:32:17] None submitted b'debugCTF{ST@CK_1S_FUN_C001_S3XY}' on 32 with kpm 0 [CORRECT]
[03/03/2021 10:14:14] None submitted b'31718141' on 23 with kpm 0 [CORRECT]
[03/06/2021 01:00:07] None submitted b'debugCTF{th@nk_u_f0r_ur_part1cipat1on}' on 4 with kpm 0 [CORRECT]
[03/06/2021 01:00:39] None submitted b'\xec\x95\x84\xeb\x88\x84\xeb\xb9\x84\xec\x8a\xa4' on 41 with kpm 0 [CORRECT]
[03/06/2021 01:00:54] None submitted b'debugCTF{th@nk_u_f0r_ur_part1cipat1on}' on 4 with kpm 0 [CORRECT]
[03/06/2021 01:01:19] None submitted b'https://' on 43 with kpm 0 [WRONG]
[03/06/2021 01:02:16] None submitted b'' on 18 with kpm 1 [WRONG]
[03/06/2021 01:03:59] None submitted b'debugCTF{Y0U_WI11_B3_G00D_H@CK3R}' on 31 with kpm 0 [CORRECT]
[03/06/2021 01:06:41] None submitted b'debugCTF{Daeho}' on 3 with kpm 0 [WRONG]
[03/06/2021 01:13:59] None submitted b'debugCTF{2}' on 31 with kpm 0 [WRONG]
[03/06/2021 01:14:20] None submitted b'debugCTF{Y0U_WI11_B3_G00D_H@CK3R}' on 31 with kpm 1 [CORRECT]
[03/06/2021 01:16:01] None submitted b'https://ctf.skhudebug.xyz' on 43 with kpm 0 [WRONG]
[03/06/2021 01:16:06] None submitted b'ctf.skhudebug.xyz' on 43 with kpm 1 [WRONG]
[03/06/2021 01:19:41] None submitted b'debugCTF{wmsypczcysrgdsjclmsef}' on 24 with kpm 0 [WRONG]
[03/06/2021 01:22:03] None submitted b'debugCTF{FITSWERESTANDTHECITYO}' on 24 with kpm 0 [WRONG]
[03/06/2021 01:27:11] None submitted b'debugCTF{Error403}' on 3 with kpm 0 [WRONG]
[03/06/2021 01:29:21] None submitted b'debugCTF{DO YOUR BEST}' on 3 with kpm 0 [WRONG]
[03/06/2021 01:29:27] None submitted b'debugCTF{DO_YOUR_BEST}' on 3 with kpm 1 [WRONG]
[03/06/2021 01:29:37] None submitted b'debugCTF{Daeho}' on 3 with kpm 2 [WRONG]
[03/06/2021 01:29:40] None submitted b'debugCTF{5}' on 3 with kpm 3 [WRONG]
[03/06/2021 01:30:27] None submitted b'debugCTF{do_your_best}' on 3 with kpm 2 [WRONG]
[03/06/2021 01:30:30] None submitted b'debugCTF{doyourbest}' on 3 with kpm 3 [WRONG]
[03/06/2021 01:30:32] None submitted b'debugCTF{do your best}' on 3 with kpm 4 [WRONG]
[03/06/2021 01:32:07] None submitted b'debugCTF{41087e680bebb5e8fd39b067d72df503}' on 26 with kpm 0 [WRONG]
[03/06/2021 01:32:38] None submitted b'debugCTF{dont_see_only_result}' on 26 with kpm 1 [WRONG]
[03/06/2021 01:35:57] None submitted b'debugCTF{no flag}' on 33 with kpm 0 [WRONG]
[03/06/2021 01:35:59] None submitted b'debugCTF{no_flag}' on 33 with kpm 1 [WRONG]
[03/06/2021 01:36:00] None submitted b'debugCTF{no_flag}' on 33 with kpm 2 [WRONG]
[03/06/2021 01:36:22] None submitted b'debugCTF{cat hi}' on 33 with kpm 3 [WRONG]
[03/06/2021 01:36:24] None submitted b'debugCTF{cathi}' on 33 with kpm 4 [WRONG]
[03/06/2021 01:52:47] None submitted b'debugCTF{so0o_e@sy_1sn1t?}' on 20 with kpm 0 [CORRECT]
[03/06/2021 01:54:23] None submitted b'' on 46 with kpm 0 [WRONG]
[03/06/2021 01:58:35] None submitted b'\xec\x95\x84\xeb\x88\x84\xeb\xb9\x84\xec\x8a\xa4' on 41 with kpm 0 [CORRECT]
[03/06/2021 02:05:21] None submitted b'\xeb\xac\xb4\xeb\x8b\xb9\xeb\xb2\x8c\xeb\xa0\x88' on 42 with kpm 0 [CORRECT]
[03/06/2021 02:08:51] None submitted b'http://' on 43 with kpm 0 [WRONG]
[03/06/2021 02:08:54] None submitted b'http' on 43 with kpm 1 [WRONG]
[03/06/2021 02:08:58] None submitted b'https://' on 43 with kpm 2 [WRONG]
[03/06/2021 02:09:02] None submitted b'https' on 43 with kpm 3 [WRONG]
[03/06/2021 02:09:46] None submitted b'http://' on 43 with kpm 4 [WRONG]
[03/06/2021 02:09:52] None submitted b'https://' on 43 with kpm 4 [WRONG]
[03/06/2021 02:09:56] None submitted b's' on 43 with kpm 4 [WRONG]
[03/06/2021 02:18:00] None submitted b'debugCTF{am@z1ng_langu@g3_isn1t?}' on 18 with kpm 0 [CORRECT]
[03/06/2021 02:26:12] None submitted b'ctf' on 43 with kpm 0 [WRONG]
[03/06/2021 02:26:15] None submitted b'xyz' on 43 with kpm 1 [WRONG]
[03/06/2021 02:26:18] None submitted b'xyz' on 43 with kpm 2 [WRONG]
[03/06/2021 02:26:40] None submitted b'skhu' on 43 with kpm 3 [WRONG]
[03/06/2021 02:26:42] None submitted b's' on 43 with kpm 4 [WRONG]
[03/06/2021 02:34:34] None submitted b'yes' on 45 with kpm 0 [WRONG]
[03/06/2021 02:41:05] None submitted b'debugCTF{nW1Xpl3PJ2Se1VaC}' on 36 with kpm 0 [WRONG]
[03/06/2021 02:41:28] None submitted b'debugCTF{httq+_1s_n0t_s%40f2}' on 36 with kpm 1 [CORRECT]
[03/06/2021 02:43:01] None submitted b'debugCTF{squarecleareqzuestion}' on 14 with kpm 0 [WRONG]
[03/06/2021 02:43:30] None submitted b'debugCTF{squareclearezquestion}' on 14 with kpm 1 [CORRECT]
[03/06/2021 02:45:41] None submitted b'debugCTF{237568}' on 14 with kpm 0 [WRONG]
[03/06/2021 02:48:38] None submitted b'debugCTF{th3_pr0cess_1s_a1s0_1mp0rt@nt}' on 26 with kpm 0 [CORRECT]
[03/06/2021 02:49:40] None submitted b'\xeb\xac\xb4\xeb\x8b\xb9\xeb\xb2\x8c\xeb\xa0\x88' on 42 with kpm 0 [CORRECT]
[03/06/2021 02:49:47] None submitted b'debugCTF{YOUAREBEAUTIFULENOUGH}' on 24 with kpm 0 [CORRECT]
[03/06/2021 02:50:59] None submitted b'debugCTF{saa-h?*io?+hi))h1p?+o0}' on 25 with kpm 0 [WRONG]
[03/06/2021 02:58:11] None submitted b'debugCTF{th3_c@t_sav3d_th3_w0r1d}' on 13 with kpm 0 [CORRECT]
[03/06/2021 03:01:36] None submitted b'debugCTF{1800000}' on 13 with kpm 0 [WRONG]
[03/06/2021 03:01:38] None submitted b'debugCTF{180000}' on 13 with kpm 1 [WRONG]
[03/06/2021 03:02:08] None submitted b'swag' on 43 with kpm 2 [WRONG]
[03/06/2021 03:02:12] None submitted b'http' on 43 with kpm 3 [WRONG]
[03/06/2021 03:02:14] None submitted b's' on 43 with kpm 4 [WRONG]
[03/06/2021 03:02:15] None submitted b'a' on 43 with kpm 5 [WRONG]
[03/06/2021 03:02:19] None submitted b'://' on 43 with kpm 6 [WRONG]
[03/06/2021 03:02:22] None submitted b'xyz' on 43 with kpm 7 [WRONG]
[03/06/2021 03:02:24] None submitted b'.' on 43 with kpm 8 [WRONG]
[03/06/2021 03:02:25] None submitted b'.' on 43 with kpm 9 [WRONG]
[03/06/2021 03:02:26] None submitted b'' on 43 with kpm 10 [WRONG]
[03/06/2021 03:02:26] None submitted b'' on 43 with kpm 11 [TOO FAST]
[03/06/2021 03:02:26] None submitted b'' on 43 with kpm 12 [TOO FAST]
[03/06/2021 03:02:28] None submitted b'' on 43 with kpm 13 [TOO FAST]
[03/06/2021 03:02:34] None submitted b'.' on 43 with kpm 14 [TOO FAST]
[03/06/2021 03:02:45] None submitted b'asa' on 43 with kpm 13 [TOO FAST]
[03/06/2021 03:04:56] None submitted b'debugCTF{do_your_best}' on 3 with kpm 0 [WRONG]
[03/06/2021 03:06:16] None submitted b'debugCTF{1}' on 3 with kpm 0 [WRONG]
[03/06/2021 03:06:19] None submitted b'debugCTF{12345}' on 3 with kpm 1 [WRONG]
[03/06/2021 03:22:57] None submitted b'debugCTF{sso}' on 3 with kpm 0 [WRONG]
[03/06/2021 03:28:10] None submitted b'debugCTF{admin}' on 36 with kpm 0 [WRONG]
[03/06/2021 03:34:14] None submitted b'debugCTF{httq_ls_n0t_s@f2}' on 36 with kpm 0 [WRONG]
[03/06/2021 03:34:21] None submitted b'debugCTF{httq_1s_n0t_s@f2}' on 36 with kpm 1 [WRONG]
[03/06/2021 03:34:38] None submitted b'debugCTF{httq _1s_n0t_s@f2}' on 36 with kpm 2 [WRONG]
[03/06/2021 03:35:07] None submitted b'debugCTF{httq _1s_n0t_s@f2}' on 36 with kpm 3 [WRONG]
[03/06/2021 03:35:33] None submitted b'debugCTF{passwd:httq _1s_n0t_s@f2}' on 36 with kpm 2 [WRONG]
[03/06/2021 03:35:36] None submitted b'debugCTF{httq _1s_n0t_s@f2}' on 36 with kpm 3 [WRONG]
[03/06/2021 03:35:37] None submitted b'debugCTF{httq _1s_n0t_s@f2}' on 36 with kpm 4 [WRONG]
[03/06/2021 03:36:05] None submitted b'debugCTF{Y0U_WI11_B3_G00D_H@CK3R}' on 36 with kpm 4 [WRONG]
[03/06/2021 03:36:13] None submitted b'debugCTF{httq _1s_n0t_s@f2}' on 36 with kpm 4 [WRONG]
[03/06/2021 03:36:17] None submitted b'debugCTF{Httq _1s_n0t_s@f2}' on 36 with kpm 5 [WRONG]
[03/06/2021 03:36:30] None submitted b'debugCTF{HTTQ _1S_N0T_S@F2}' on 36 with kpm 6 [WRONG]
[03/06/2021 03:37:27] None submitted b'debugCTF{Value: httq _1s_n0t_s@f2}' on 36 with kpm 1 [WRONG]
[03/06/2021 03:37:32] None submitted b'debugCTF{httq _1s_n0t_s@f2}' on 36 with kpm 1 [WRONG]
[03/06/2021 03:37:37] None submitted b'debugCTF{so0o_e@sy_1sn1t?}' on 20 with kpm 0 [CORRECT]
[03/06/2021 03:37:51] None submitted b'debugCTF{Form item: "passwd" = "httq _1s_n0t_s@f2"}' on 36 with kpm 2 [WRONG]
[03/06/2021 03:37:56] None submitted b'debugCTF{"passwd" = "httq _1s_n0t_s@f2"}' on 36 with kpm 3 [WRONG]
[03/06/2021 03:38:03] None submitted b'debugCTF{passwd = "httq _1s_n0t_s@f2"}' on 36 with kpm 4 [WRONG]
[03/06/2021 03:38:06] None submitted b'debugCTF{"httq _1s_n0t_s@f2"}' on 36 with kpm 5 [WRONG]
[03/06/2021 03:38:27] None submitted b'debugCTF{Muya-ho!}' on 36 with kpm 5 [WRONG]
[03/06/2021 03:39:26] None submitted b'debugCTF{nW1Xpl3PJ2Se1VaC}' on 36 with kpm 1 [WRONG]
[03/06/2021 03:39:40] None submitted b'debugCTF{httq _1s_n0t_s@f2}' on 36 with kpm 1 [WRONG]
[03/06/2021 03:39:49] None submitted b'debugCTF{httq _is_not_safe}' on 36 with kpm 2 [WRONG]
[03/06/2021 03:40:07] None submitted b'debugCTF{httq_1s_n0t_s@f2}' on 36 with kpm 3 [WRONG]
[03/06/2021 03:40:12] None submitted b'debugCTF{httq1sn0ts@f2}' on 36 with kpm 4 [WRONG]
[03/06/2021 03:40:20] None submitted b'debugCTF{httq 1s n0t s@f2}' on 36 with kpm 5 [WRONG]
[03/06/2021 03:40:26] None submitted b'debugCTF{httq_1s_n0t_s@f2}' on 36 with kpm 5 [WRONG]
[03/06/2021 03:41:21] None submitted b'debugCTF{httq _1s_n0t_s@f2}' on 36 with kpm 1 [WRONG]
[03/06/2021 03:41:26] None submitted b'debugCTF{httq_1s_n0t_s@f2}' on 36 with kpm 1 [WRONG]
[03/06/2021 03:41:41] None submitted b'debugCTF{http _1s_n0t_s@f2}' on 36 with kpm 2 [WRONG]
[03/06/2021 03:41:47] None submitted b'debugCTF{"httq _1s_n0t_s@f2"}' on 36 with kpm 3 [WRONG]
[03/06/2021 03:41:51] None submitted b'debugCTF{"httq_1s_n0t_s@f2"}' on 36 with kpm 4 [WRONG]
[03/06/2021 03:42:04] None submitted b' ' on 43 with kpm 5 [WRONG]
[03/06/2021 03:42:13] None submitted b' https://ctf.skhudebug.xyz' on 43 with kpm 6 [WRONG]
[03/06/2021 03:42:44] None submitted b'15.165.73.68' on 43 with kpm 4 [WRONG]
[03/06/2021 03:44:51] None submitted b's' on 43 with kpm 0 [WRONG]
[03/06/2021 03:44:55] None submitted b'http' on 43 with kpm 1 [WRONG]
[03/06/2021 03:45:08] None submitted b'.' on 43 with kpm 2 [WRONG]
[03/06/2021 03:45:19] None submitted b'.//' on 43 with kpm 3 [WRONG]
[03/06/2021 03:45:23] None submitted b'//' on 43 with kpm 4 [CORRECT]
[03/06/2021 03:50:25] None submitted b'debugCTF{IS THIS FLAG?}' on 44 with kpm 0 [WRONG]
[03/06/2021 03:50:31] None submitted b'debugCTF{IS_THIS_FLAG?}' on 44 with kpm 1 [WRONG]
[03/06/2021 03:58:06] None submitted b'\xec\x95\x84\xeb\x88\x84\xeb\xb9\x84\xec\x8a\xa4' on 41 with kpm 0 [CORRECT]
[03/06/2021 04:22:32] None submitted b'\xec\x95\x84\xeb\x88\x84\xeb\xb9\x84\xec\x8a\xa4' on 41 with kpm 0 [CORRECT]
[03/06/2021 04:23:01] None submitted b'\xeb\x84\xa4' on 4 with kpm 0 [WRONG]
[03/06/2021 04:23:06] None submitted b'\xeb\x84\xa4!' on 4 with kpm 1 [WRONG]
[03/06/2021 04:23:18] None submitted b'debug CTF{\xeb\x84\xa4}' on 4 with kpm 2 [WRONG]
[03/06/2021 04:23:24] None submitted b'debug CTF{\xeb\x84\xa4!}' on 4 with kpm 3 [WRONG]
[03/06/2021 04:23:33] None submitted b'debug CTF{yes}' on 4 with kpm 4 [WRONG]
[03/06/2021 04:23:40] None submitted b'yes' on 4 with kpm 5 [WRONG]
[03/06/2021 04:23:52] None submitted b'\xeb\xac\xb4\xeb\x8b\xb9\xeb\xb2\x8c\xeb\xa0\x88' on 42 with kpm 6 [CORRECT]
[03/06/2021 04:26:37] None submitted b'chyun' on 3 with kpm 0 [WRONG]
[03/06/2021 04:26:52] None submitted b'sso' on 3 with kpm 1 [WRONG]
[03/06/2021 04:27:22] None submitted b'Daeho' on 3 with kpm 2 [WRONG]
[03/06/2021 04:30:00] None submitted b'\xeb\x84\xa4' on 4 with kpm 0 [WRONG]
[03/06/2021 04:30:31] None submitted b'4' on 3 with kpm 1 [WRONG]
[03/06/2021 04:31:03] None submitted b'debugCTF{httqs_1s_n0t_s@f2}' on 36 with kpm 0 [WRONG]
[03/06/2021 04:31:05] None submitted b'debugCTF{httq _1s_n0t_s@f2}' on 36 with kpm 1 [WRONG]
[03/06/2021 04:31:40] None submitted b'csh' on 3 with kpm 0 [WRONG]
[03/06/2021 04:32:24] None submitted b"debugCTF{'chyun'}" on 3 with kpm 1 [WRONG]
[03/06/2021 04:32:29] None submitted b'debugCTF{chyun}' on 3 with kpm 2 [WRONG]
[03/06/2021 04:32:33] None submitted b'chyun' on 3 with kpm 3 [WRONG]
[03/06/2021 04:34:23] None submitted b'!=' on 28 with kpm 0 [WRONG]
[03/06/2021 04:35:04] None submitted b's' on 43 with kpm 1 [WRONG]
[03/06/2021 04:35:20] None submitted b'z' on 43 with kpm 2 [WRONG]
[03/06/2021 04:35:25] None submitted b'x' on 43 with kpm 2 [WRONG]
[03/06/2021 04:35:29] None submitted b'y' on 43 with kpm 3 [WRONG]
[03/06/2021 04:35:48] None submitted b'h' on 43 with kpm 4 [WRONG]
[03/06/2021 04:35:52] None submitted b't' on 43 with kpm 5 [WRONG]
[03/06/2021 04:35:56] None submitted b'p' on 43 with kpm 6 [WRONG]
[03/06/2021 04:36:00] None submitted b'c' on 43 with kpm 7 [WRONG]
[03/06/2021 04:36:07] None submitted b'https://' on 43 with kpm 7 [WRONG]
[03/06/2021 04:36:10] None submitted b'https:' on 43 with kpm 8 [WRONG]
[03/06/2021 04:36:16] None submitted b':' on 43 with kpm 9 [WRONG]
[03/06/2021 04:36:26] None submitted b'/' on 43 with kpm 8 [WRONG]
[03/06/2021 04:36:29] None submitted b'//' on 43 with kpm 8 [CORRECT]
[03/06/2021 04:36:39] None submitted b'//' on 43 with kpm 8 [ALREADY SOLVED]
[03/06/2021 04:37:32] None submitted b'debugCTF{httq_1s_n0t_s@f2}' on 36 with kpm 0 [WRONG]
[03/06/2021 04:37:36] None submitted b'debugCTF{http_1s_n0t_s@f2}' on 36 with kpm 1 [WRONG]
[03/06/2021 04:37:39] None submitted b'debugCTF{http _1s_n0t_s@f2}' on 36 with kpm 2 [WRONG]
[03/06/2021 04:37:43] None submitted b'debugCTF{http _is_n0t_s@f2}' on 36 with kpm 3 [WRONG]
[03/06/2021 04:37:50] None submitted b'debugCTF{http _is_not_safe}' on 36 with kpm 4 [WRONG]
[03/06/2021 04:38:00] None submitted b'debugCTF{httq_1s_n0t_s@f2}' on 36 with kpm 5 [WRONG]
[03/06/2021 04:38:02] None submitted b'debugCTF{httq _1s_n0t_s@f2}' on 36 with kpm 6 [WRONG]
[03/06/2021 04:38:30] None submitted b'debugCTF{httq _1s _n0t _s@f2}' on 36 with kpm 7 [WRONG]
[03/06/2021 04:44:08] None submitted b'debugCTF{flag}' on 7 with kpm 0 [WRONG]
[03/06/2021 04:45:37] None submitted b'https' on 43 with kpm 0 [WRONG]
[03/06/2021 04:45:52] None submitted b's' on 43 with kpm 1 [WRONG]
[03/06/2021 04:52:16] None submitted b'debugCTF{plz_say_easy}' on 33 with kpm 0 [WRONG]
[03/06/2021 04:52:21] None submitted b'debugCTF{plz_say_easy}' on 7 with kpm 1 [CORRECT]
[03/06/2021 04:53:43] None submitted b'' on 43 with kpm 0 [WRONG]
[03/06/2021 04:53:44] None submitted b'debugCTF{httq _1s_n0t_s@f2}' on 36 with kpm 0 [WRONG]
[03/06/2021 04:53:48] None submitted b' ' on 43 with kpm 1 [WRONG]
[03/06/2021 04:54:04] None submitted b'125612' on 50 with kpm 1 [WRONG]
[03/06/2021 04:54:08] None submitted b'3' on 50 with kpm 2 [WRONG]
[03/06/2021 04:54:43] None submitted b'129' on 50 with kpm 3 [WRONG]
[03/06/2021 04:56:14] None submitted b'1' on 50 with kpm 0 [WRONG]
[03/06/2021 04:56:16] None submitted b'2' on 50 with kpm 1 [WRONG]
[03/06/2021 04:56:19] None submitted b'23' on 50 with kpm 2 [WRONG]
[03/06/2021 04:56:20] None submitted b'3' on 50 with kpm 3 [WRONG]
[03/06/2021 04:56:22] None submitted b'4' on 50 with kpm 4 [WRONG]
[03/06/2021 04:56:24] None submitted b'5' on 50 with kpm 5 [WRONG]
[03/06/2021 04:56:25] None submitted b'6' on 50 with kpm 6 [WRONG]
[03/06/2021 04:56:27] None submitted b'7' on 50 with kpm 7 [WRONG]
[03/06/2021 04:56:29] None submitted b'8' on 50 with kpm 8 [WRONG]
[03/06/2021 04:56:30] None submitted b'9' on 50 with kpm 9 [WRONG]
[03/06/2021 04:56:33] None submitted b'10' on 50 with kpm 10 [WRONG]
[03/06/2021 04:56:34] None submitted b'10' on 50 with kpm 11 [TOO FAST]
[03/06/2021 04:56:39] None submitted b'10' on 50 with kpm 12 [TOO FAST]
[03/06/2021 04:56:45] None submitted b'11' on 50 with kpm 13 [TOO FAST]
[03/06/2021 04:59:57] None submitted b'105' on 50 with kpm 0 [WRONG]
[03/06/2021 05:00:55] None submitted b'debugCTF{}' on 4 with kpm 1 [WRONG]
[03/06/2021 05:01:06] None submitted b'\xeb\x84\xa4' on 4 with kpm 1 [WRONG]
[03/06/2021 05:01:09] None submitted b'\xeb\x84\xa4!' on 4 with kpm 2 [WRONG]
[03/06/2021 05:01:14] None submitted b'sure' on 4 with kpm 3 [WRONG]
[03/06/2021 05:01:21] None submitted b'true' on 4 with kpm 4 [WRONG]
[03/06/2021 05:03:21] None submitted b'0' on 50 with kpm 0 [WRONG]
[03/06/2021 05:03:27] None submitted b'1' on 50 with kpm 1 [WRONG]
[03/06/2021 05:03:49] None submitted b'debugCTF{in_front_of_machine}' on 19 with kpm 0 [WRONG]
[03/06/2021 05:04:01] None submitted b'debugCTF{in_front_of_the_machine}' on 19 with kpm 1 [WRONG]
[03/06/2021 05:04:13] None submitted b'88' on 50 with kpm 2 [WRONG]
[03/06/2021 05:05:57] None submitted b'78' on 50 with kpm 0 [WRONG]
[03/06/2021 05:06:00] None submitted b'56' on 50 with kpm 1 [WRONG]
[03/06/2021 05:06:04] None submitted b'85' on 50 with kpm 2 [WRONG]
[03/06/2021 05:07:08] None submitted b'challenges#swag-43' on 43 with kpm 0 [WRONG]
[03/06/2021 05:08:14] None submitted b'\xec\x82\xad\xec\xa0\x9c \xeb\xb6\x88\xea\xb0\x80' on 34 with kpm 0 [WRONG]
[03/06/2021 05:09:08] None submitted b'yes!' on 26 with kpm 1 [WRONG]
[03/06/2021 05:09:11] None submitted b'yes' on 26 with kpm 2 [WRONG]
[03/06/2021 05:13:04] None submitted b'debugCTF{yes}' on 45 with kpm 0 [WRONG]
[03/06/2021 05:13:38] None submitted b'100' on 50 with kpm 0 [WRONG]
[03/06/2021 05:18:25] None submitted b'1' on 4 with kpm 0 [WRONG]
[03/06/2021 05:18:30] None submitted b'0' on 4 with kpm 1 [WRONG]
[03/06/2021 05:23:02] None submitted b'C++' on 18 with kpm 0 [WRONG]
[03/06/2021 05:23:49] None submitted b'   \t\t  \t   \t      \t\t  \t \t \t      \t\t   \t  \t      \t\t\t \t \t \t      \t\t  \t\t\t \t      \t    \t\t \t      \t \t \t   \t      \t   \t\t  \t      \t\t\t\t \t\t \t      \t\t    \t \t      \t\t \t\t \t \t      \t       \t      \t\t\t\t \t  \t       \t\t   \t \t      \t\t \t\t\t  \t      \t\t  \t\t\t \t      \t \t\t\t\t\t \t      \t\t \t\t   \t      \t\t    \t \t      \t\t \t\t\t  \t      \t\t  \t\t\t \t      \t\t\t \t \t \t      \t       \t      \t\t  \t\t\t \t       \t\t  \t\t \t      \t \t\t\t\t\t \t      \t\t \t  \t \t      \t\t\t  \t\t \t      \t\t \t\t\t  \t       \t\t   \t \t      \t\t\t \t   \t       \t\t\t\t\t\t \t      \t\t\t\t\t \t \t   ' on 18 with kpm 1 [WRONG]
[03/06/2021 05:23:58] None submitted b'ctf' on 43 with kpm 0 [WRONG]
[03/06/2021 05:24:09] None submitted b'skhudebug' on 43 with kpm 1 [WRONG]
[03/06/2021 05:24:15] None submitted b'https://' on 43 with kpm 2 [WRONG]
[03/06/2021 05:25:06] None submitted b'x86' on 18 with kpm 0 [WRONG]
[03/06/2021 05:25:38] None submitted b'C#' on 18 with kpm 1 [WRONG]
[03/06/2021 05:26:36] None submitted b'assembly' on 18 with kpm 1 [WRONG]
[03/06/2021 05:26:44] None submitted b'\xec\x96\xb4\xec\x85\x88\xeb\xb8\x94\xeb\xa6\xac\xec\x96\xb4' on 18 with kpm 1 [WRONG]
[03/06/2021 05:26:46] None submitted b'\xec\x96\xb4\xec\x85\x88\xeb\xb8\x94\xeb\xa6\xac' on 18 with kpm 2 [WRONG]
[03/06/2021 05:26:47] None submitted b'\xec\x96\xb4\xec\x85\x88\xeb\xb8\x94\xeb\xa6\xac' on 18 with kpm 3 [WRONG]
[03/06/2021 05:34:01] None submitted b'36' on 50 with kpm 0 [WRONG]
[03/06/2021 05:34:08] None submitted b'37' on 50 with kpm 1 [WRONG]
[03/06/2021 05:34:11] None submitted b'38' on 50 with kpm 2 [WRONG]
[03/06/2021 05:34:12] None submitted b'38' on 50 with kpm 3 [WRONG]
[03/06/2021 05:34:15] None submitted b'39' on 50 with kpm 4 [WRONG]
[03/06/2021 05:34:19] None submitted b'40' on 50 with kpm 5 [WRONG]
[03/06/2021 05:34:23] None submitted b'41' on 50 with kpm 6 [WRONG]
[03/06/2021 05:34:24] None submitted b'41' on 50 with kpm 7 [WRONG]
[03/06/2021 05:34:27] None submitted b'42' on 50 with kpm 8 [WRONG]
[03/06/2021 05:34:32] None submitted b'43' on 50 with kpm 9 [WRONG]
[03/06/2021 05:34:35] None submitted b'44' on 50 with kpm 10 [WRONG]
[03/06/2021 05:34:39] None submitted b'45' on 50 with kpm 11 [TOO FAST]
[03/06/2021 05:42:25] None submitted b'debugCTF{42}' on 19 with kpm 0 [WRONG]
[03/06/2021 05:42:44] None submitted b'debugCTF{forty-two}' on 19 with kpm 1 [WRONG]
[03/06/2021 05:42:49] None submitted b'debugCTF{forty_two}' on 19 with kpm 2 [WRONG]
[03/06/2021 05:43:20] None submitted b'debugCTF{IDK}' on 19 with kpm 3 [WRONG]
[03/06/2021 05:45:06] None submitted b'debugCTF{in_front_of_you}' on 19 with kpm 0 [WRONG]
[03/06/2021 05:45:11] None submitted b'debugCTF{in_front_of}' on 19 with kpm 1 [WRONG]
[03/06/2021 05:45:30] None submitted b'debugCTF{debugger}' on 19 with kpm 2 [WRONG]
[03/06/2021 05:46:01] None submitted b'debugCTF{front}' on 19 with kpm 3 [WRONG]
[03/06/2021 05:51:28] None submitted b'\xec\x95\x84\xeb\x88\x84\xeb\xb9\x84\xec\x8a\xa4' on 41 with kpm 0 [CORRECT]
[03/06/2021 05:51:59] None submitted b'\xeb\xac\xb4\xeb\x8b\xb9\xeb\xb2\x8c\xeb\xa0\x88' on 42 with kpm 0 [CORRECT]
[03/06/2021 05:52:06] None submitted b'\xeb\x84\xa4' on 4 with kpm 0 [WRONG]
[03/06/2021 05:52:35] None submitted b'ctf' on 43 with kpm 1 [WRONG]
[03/06/2021 05:52:39] None submitted b'xyz' on 43 with kpm 2 [WRONG]
[03/06/2021 05:52:44] None submitted b'https://' on 43 with kpm 3 [WRONG]
[03/06/2021 05:52:48] None submitted b'https' on 43 with kpm 4 [WRONG]
[03/06/2021 05:52:52] None submitted b's' on 43 with kpm 5 [WRONG]
[03/06/2021 05:52:56] None submitted b'https' on 43 with kpm 6 [WRONG]
[03/06/2021 05:53:00] None submitted b'https:' on 43 with kpm 7 [WRONG]
[03/06/2021 05:53:27] None submitted b'https://' on 43 with kpm 7 [WRONG]
[03/06/2021 05:53:47] None submitted b'//' on 43 with kpm 5 [CORRECT]
[03/06/2021 05:54:07] None submitted b'31718141' on 23 with kpm 1 [CORRECT]
[03/06/2021 05:54:55] None submitted b'debugCTF{cat hi;}' on 33 with kpm 0 [WRONG]
[03/06/2021 05:54:57] None submitted b'debugCTF{cat_hi;}' on 33 with kpm 1 [WRONG]
[03/06/2021 05:58:55] None submitted b'Error403' on 3 with kpm 0 [WRONG]
[03/06/2021 06:00:02] None submitted b'debugCTF{41087e680bebb5e8fd39b067d72df503}' on 26 with kpm 0 [WRONG]
[03/06/2021 06:04:25] None submitted b'debugCTF{httq _1s_n0t_s@f2}' on 36 with kpm 0 [WRONG]
[03/06/2021 06:05:34] None submitted b'debugCTF{admin}' on 36 with kpm 0 [WRONG]
[03/06/2021 06:07:32] None submitted b'debugCTF{\xec\xb4\x88\xea\xb8\xb0\xec\x95\x94\xed\x98\xb8:admin(\xeb\xb3\x80\xea\xb2\xbd\xed\x95\x84\xec\x9a\x94)}' on 36 with kpm 0 [WRONG]
[03/06/2021 06:07:49] None submitted b'debugCTF{httpisnotsafe}' on 36 with kpm 1 [WRONG]
[03/06/2021 06:13:36] None submitted b'debugCTF{Y0U_WI11_B3_G00D_H@CK3R}' on 31 with kpm 0 [CORRECT]
[03/06/2021 06:15:37] None submitted b'debugCTF{httq _1s_n0t_s@f2}' on 36 with kpm 0 [WRONG]
[03/06/2021 06:18:11] None submitted b'debugCTF{nW1Xpl3PJ2Se1VaC}' on 36 with kpm 0 [WRONG]
[03/06/2021 06:19:34] None submitted b'debugCTF{YOUAREBEAUTIFULENOUGH}' on 24 with kpm 0 [CORRECT]
[03/06/2021 06:19:58] None submitted b'debugCTF{darklight2357}' on 36 with kpm 0 [WRONG]
[03/06/2021 06:23:17] None submitted b'debugCTF{Value: httq _1s_n0t_s@f2}' on 36 with kpm 0 [WRONG]
[03/06/2021 06:23:21] None submitted b'debugCTF{httq _1s_n0t_s@f2}' on 36 with kpm 1 [WRONG]
[03/06/2021 06:23:22] None submitted b'debugCTF{httq _1s_n0t_s@f2}' on 36 with kpm 2 [WRONG]
[03/06/2021 06:23:22] None submitted b'debugCTF{httq _1s_n0t_s@f2}' on 36 with kpm 3 [WRONG]
[03/06/2021 06:33:05] None submitted b'90' on 50 with kpm 0 [WRONG]
[03/06/2021 06:34:50] None submitted b'9' on 50 with kpm 0 [WRONG]
[03/06/2021 06:35:01] None submitted b'0' on 50 with kpm 0 [WRONG]
[03/06/2021 06:35:04] None submitted b'1' on 50 with kpm 1 [WRONG]
[03/06/2021 06:35:08] None submitted b'2' on 50 with kpm 2 [WRONG]
[03/06/2021 06:35:37] None submitted b'debug CTF{httq _1s_n0t_s@f2}' on 36 with kpm 1 [WRONG]
[03/06/2021 06:35:45] None submitted b'164' on 50 with kpm 3 [WRONG]
[03/06/2021 06:38:56] None submitted b'debugCTF{plz_say_easy}' on 7 with kpm 0 [CORRECT]
[03/06/2021 06:53:09] None submitted b'752' on 23 with kpm 0 [WRONG]
[03/06/2021 06:58:57] None submitted b'debugCTF{th3_c@t_sav3d_th3_w0r1d}' on 13 with kpm 0 [CORRECT]
[03/06/2021 07:05:47] None submitted b'debugCTF{I_AM_A_GOD}' on 19 with kpm 0 [WRONG]
[03/06/2021 07:06:11] None submitted b'debugCTF{YOU_AND_I}' on 19 with kpm 1 [WRONG]
[03/06/2021 07:07:57] None submitted b'debugCTF{YOU_AND_I}' on 19 with kpm 0 [WRONG]
[03/06/2021 07:08:02] None submitted b'debugCTF{me}' on 19 with kpm 1 [WRONG]
[03/06/2021 07:08:08] None submitted b'debugCTF{you_and_i}' on 19 with kpm 2 [WRONG]
[03/06/2021 07:08:17] None submitted b'debugCTF{i_am_a_god}' on 19 with kpm 3 [WRONG]
[03/06/2021 07:09:19] None submitted b'debugCTF{sucess}' on 7 with kpm 0 [WRONG]
[03/06/2021 07:09:41] None submitted b'debugCTF{success}' on 7 with kpm 1 [WRONG]
[03/06/2021 07:10:44] None submitted b'1' on 50 with kpm 0 [WRONG]
[03/06/2021 07:10:48] None submitted b'0' on 50 with kpm 1 [WRONG]
[03/06/2021 07:10:57] None submitted b'5' on 50 with kpm 2 [WRONG]
[03/06/2021 07:11:31] None submitted b'debugCTF{success}' on 7 with kpm 0 [WRONG]
[03/06/2021 07:20:40] None submitted b'debugCTF{something_h3re!}' on 4 with kpm 0 [WRONG]
[03/06/2021 07:21:00] None submitted b'debugCTF{t3st}' on 4 with kpm 1 [WRONG]
[03/06/2021 07:22:19] None submitted b'yes' on 4 with kpm 0 [WRONG]
[03/06/2021 07:22:21] None submitted b'\xeb\x84\xa4' on 4 with kpm 1 [WRONG]
[03/06/2021 07:22:23] None submitted b'debugCTF{t3st}' on 4 with kpm 2 [WRONG]
[03/06/2021 07:22:38] None submitted b'https://discord.gg/V8kjdFZd7E' on 4 with kpm 3 [WRONG]
[03/06/2021 07:22:44] None submitted b'V8kjdFZd7E' on 4 with kpm 4 [WRONG]
[03/06/2021 07:23:30] None submitted b'' on 4 with kpm 2 [WRONG]
[03/06/2021 07:23:34] None submitted b'\xeb\x84\xa4' on 4 with kpm 3 [WRONG]
[03/06/2021 07:23:41] None submitted b'\xeb\x84\xa4\xeb\xb3\xb8 \xeb\x8c\x80\xed\x9a\x8c\xeb\x8a\x94 \xec\x84\xb1\xea\xb3\xb5\xed\x9a\x8c\xeb\x8c\x80\xed\x95\x99\xea\xb5\x90 \xec\x9e\xac\xed\x95\x99\xec\x83\x9d \xeb\xb0\x8f \xed\x9c\xb4\xed\x95\x99\xec\x83\x9d\xeb\xa7\x8c \xec\xb0\xb8\xec\x97\xac\xeb\xa5\xbc \xed\x97\x88\xea\xb0\x80\xed\x95\xa9\xeb\x8b\x88\xeb\x8b\xa4.' on 4 with kpm 3 [WRONG]
[03/06/2021 07:23:44] None submitted b'\xeb\xb3\xb8 \xeb\x8c\x80\xed\x9a\x8c\xeb\x8a\x94 \xec\x84\xb1\xea\xb3\xb5\xed\x9a\x8c\xeb\x8c\x80\xed\x95\x99\xea\xb5\x90 \xec\x9e\xac\xed\x95\x99\xec\x83\x9d \xeb\xb0\x8f \xed\x9c\xb4\xed\x95\x99\xec\x83\x9d\xeb\xa7\x8c \xec\xb0\xb8\xec\x97\xac\xeb\xa5\xbc \xed\x97\x88\xea\xb0\x80\xed\x95\xa9\xeb\x8b\x88\xeb\x8b\xa4.' on 4 with kpm 3 [WRONG]
[03/06/2021 07:23:52] None submitted b'debugCTF{something_h3re!}' on 4 with kpm 4 [WRONG]
[03/06/2021 07:24:20] None submitted b'DEBUG CTF 2021' on 4 with kpm 5 [WRONG]
[03/06/2021 07:31:59] None submitted b'debugCTF{passwd}' on 36 with kpm 0 [WRONG]
[03/06/2021 07:36:13] None submitted b'omg' on 48 with kpm 0 [WRONG]
[03/06/2021 07:43:21] None submitted b's' on 43 with kpm 0 [WRONG]
[03/06/2021 07:46:36] None submitted b'debugCTF{httq _1s_n0t_s@f2}' on 3 with kpm 0 [WRONG]
[03/06/2021 07:49:55] None submitted b'debugCTF{computer}' on 10 with kpm 0 [WRONG]
[03/06/2021 07:54:43] None submitted b'debugCTF{th@nk_u_f0r_ur_part1cipat1on}' on 4 with kpm 0 [CORRECT]
[03/06/2021 07:59:37] None submitted b'' on 8 with kpm 0 [WRONG]
[03/06/2021 08:03:43] None submitted b'\xe3\x85\x87\xe3\x84\xb9\xe3\x84\xb4\xe3\x85\x81\xe3\x84\xb4\xe3\x85\x87\xe3\x85\x81\xe3\x84\xb4\xe3\x84\xb9' on 35 with kpm 0 [WRONG]
[03/06/2021 08:03:52] None submitted b'debugCTF{httq _1s_n0t_s@f2}' on 36 with kpm 1 [WRONG]
[03/06/2021 08:04:00] None submitted b'debugCTF{httq _1s_n0t_s@f2!}' on 36 with kpm 2 [WRONG]
[03/06/2021 08:04:08] None submitted b'debugCTF{httq _1s_n0t_s@f2 admin}' on 36 with kpm 3 [WRONG]
[03/06/2021 08:04:10] None submitted b'debugCTF{httq _1s_n0t_s@f2}' on 36 with kpm 4 [WRONG]
[03/06/2021 08:40:05] None submitted b'debugCTF{httq _1s_n0t_s@f2}' on 36 with kpm 0 [WRONG]
[03/06/2021 08:40:09] None submitted b'debugCTF{httq 1s n0t s@f2}' on 36 with kpm 1 [WRONG]
[03/06/2021 08:40:22] None submitted b'debugCTF{httq_1s_n0t_s@f2}' on 36 with kpm 2 [WRONG]
[03/06/2021 08:40:48] None submitted b'' on 26 with kpm 3 [WRONG]
[03/06/2021 08:42:19] None submitted b'httq_1s_n0t_s@f2' on 36 with kpm 0 [WRONG]
[03/06/2021 08:42:23] None submitted b'httq _1s_n0t_s@f2' on 36 with kpm 1 [WRONG]
[03/06/2021 09:08:33] None submitted b'debugCTF{YOUAREBEAUTIFULENOUGH}' on 24 with kpm 0 [CORRECT]
[03/06/2021 09:27:36] None submitted b'0' on 50 with kpm 0 [WRONG]
[03/06/2021 09:27:44] None submitted b'5' on 50 with kpm 1 [WRONG]
[03/06/2021 09:27:49] None submitted b'235' on 50 with kpm 2 [WRONG]
[03/06/2021 09:39:59] None submitted b'debugCTF{am@z1ng_langu@g3_isn1t?}' on 18 with kpm 0 [CORRECT]
[03/06/2021 09:50:49] None submitted b'debugCTF{H@NS0ME_JAVA5CR1PT}' on 48 with kpm 0 [CORRECT]
[03/06/2021 09:55:09] None submitted b'5' on 50 with kpm 0 [WRONG]
[03/06/2021 09:55:13] None submitted b'25' on 50 with kpm 1 [WRONG]
[03/06/2021 09:55:17] None submitted b'725' on 50 with kpm 2 [WRONG]
[03/06/2021 09:55:21] None submitted b'225' on 50 with kpm 3 [WRONG]
[03/06/2021 09:57:13] None submitted b'debugCTF{H@NS0ME_JAVA5CR1PT}' on 48 with kpm 0 [CORRECT]
[03/06/2021 10:02:33] None submitted b'debugCTF{YOUAREBEAUTIFULENOUGH}' on 24 with kpm 0 [CORRECT]
[03/06/2021 10:12:10] None submitted b'debugCTF{view_is_nice' on 27 with kpm 0 [WRONG]
[03/06/2021 10:12:13] None submitted b'debugCTF{view_is_nice]' on 27 with kpm 1 [WRONG]
[03/06/2021 10:12:15] None submitted b'debugCTF{view_is_nice}' on 27 with kpm 2 [CORRECT]
[03/06/2021 10:17:43] None submitted b'debugCTF{view_is_nice}' on 27 with kpm 0 [CORRECT]
[03/06/2021 10:20:02] None submitted b'debugCTF{_1s_n0t_s@f2}' on 36 with kpm 0 [WRONG]
[03/06/2021 10:20:06] None submitted b'debugCTF{1s_n0t_s@f2}' on 36 with kpm 1 [WRONG]
[03/06/2021 10:20:14] None submitted b'debugCTF{httqs_1s_n0t_s@f2}' on 36 with kpm 2 [WRONG]
[03/06/2021 10:24:21] None submitted b'debugCTF{http _1s_n0t_s@f2}' on 36 with kpm 0 [WRONG]
[03/06/2021 10:24:23] None submitted b'debugCTF{httq _1s_n0t_s@f2}' on 36 with kpm 1 [WRONG]
[03/06/2021 10:41:42] None submitted b'debugCTF{th3_c@t_sav3d_th3_w0r1d}' on 13 with kpm 0 [CORRECT]
[03/06/2021 10:47:32] None submitted b'debugCTF{httq%40_1s_n0t_s@f2}' on 36 with kpm 0 [WRONG]
[03/06/2021 10:50:02] None submitted b'\xed\x98\xb8\xeb\xa3\xa8\xec\x8a\xa4' on 41 with kpm 0 [WRONG]
[03/06/2021 10:50:34] None submitted b'\xec\x95\x84\xeb\x88\x84\xeb\xb9\x84\xec\x8a\xa4' on 41 with kpm 1 [CORRECT]
[03/06/2021 10:50:43] None submitted b'\xeb\xb2\x8c\xeb\xa0\x88' on 42 with kpm 1 [WRONG]
[03/06/2021 10:50:53] None submitted b'\xeb\xac\xb4\xeb\x8b\xb9\xeb\xb2\x8c\xeb\xa0\x88' on 42 with kpm 2 [CORRECT]
[03/06/2021 10:50:59] None submitted b'\xeb\x84\xa4' on 4 with kpm 2 [WRONG]
[03/06/2021 10:51:26] None submitted b'debugCTF{t3st}' on 4 with kpm 2 [WRONG]
[03/06/2021 10:51:53] None submitted b'4225' on 4 with kpm 2 [WRONG]
[03/06/2021 10:52:28] None submitted b'UNIv' on 4 with kpm 1 [WRONG]
[03/06/2021 10:53:09] None submitted b'debugCTF{th@nk_u_f0r_ur_part1cipat1on}' on 4 with kpm 1 [CORRECT]
[03/06/2021 10:53:20] None submitted b'//' on 43 with kpm 1 [CORRECT]
[03/06/2021 10:54:08] None submitted b'31718141' on 23 with kpm 0 [CORRECT]
[03/06/2021 10:54:23] None submitted b'debugCTF{httq%20_1s_n0t_s@f2}' on 36 with kpm 0 [WRONG]
[03/06/2021 10:54:48] None submitted b'debugCTF{text=httq+_1s_n0t_s%40f2}' on 36 with kpm 1 [WRONG]
[03/06/2021 10:54:51] None submitted b'debugCTF{text=httq_1s_n0t_s%40f2}' on 36 with kpm 2 [WRONG]
[03/06/2021 10:54:52] None submitted b'debugCTF{text=httq _1s_n0t_s%40f2}' on 36 with kpm 3 [WRONG]
[03/06/2021 10:55:11] None submitted b'debugCTF{httq _1s_n0t_s%40f2}' on 36 with kpm 4 [WRONG]
[03/06/2021 10:55:15] None submitted b'debugCTF{httq_1s_n0t_s%40f2}' on 36 with kpm 5 [WRONG]
[03/06/2021 10:55:37] None submitted b'debugCTF{httq%20_1s_n0t_s%40f2}' on 36 with kpm 5 [WRONG]
[03/06/2021 10:56:03] None submitted b'debugCTF{httq%20%5F1s%5Fn0t%5Fs%40f2}' on 36 with kpm 3 [WRONG]
[03/06/2021 10:56:07] None submitted b'Whitespace' on 18 with kpm 0 [WRONG]
[03/06/2021 10:56:08] None submitted b'debugCTF{httq%5F1s%5Fn0t%5Fs%40f2}' on 36 with kpm 4 [WRONG]
[03/06/2021 10:56:12] None submitted b'\xed\x99\x94\xec\x9d\xb4\xed\x8a\xb8\xec\x8a\xa4\xed\x8e\x98\xec\x9d\xb4\xec\x8a\xa4' on 18 with kpm 1 [WRONG]
[03/06/2021 10:56:26] None submitted b'White space' on 18 with kpm 2 [WRONG]
[03/06/2021 10:56:28] None submitted b'Whitespace' on 18 with kpm 3 [WRONG]
[03/06/2021 10:56:31] None submitted b'\xed\x99\x94\xec\x9d\xb4\xed\x8a\xb8 \xec\x8a\xa4\xed\x8e\x98\xec\x9d\xb4\xec\x8a\xa4' on 18 with kpm 4 [WRONG]
[03/06/2021 10:56:33] None submitted b'\xed\x99\x94\xec\x9d\xb4\xed\x8a\xb8 \xec\x8a\xa4\xed\x8e\x98\xec\x9d\xb4\xec\x8a\xa4 \xec\x96\xb8\xec\x96\xb4' on 18 with kpm 5 [WRONG]
[03/06/2021 10:58:24] None submitted b'debugCTF{am@z1ng_langu@g3_isn1t?}' on 18 with kpm 0 [CORRECT]
[03/06/2021 10:58:46] None submitted b'22' on 23 with kpm 0 [WRONG]
[03/06/2021 10:59:29] None submitted b'debugCTF{httq _1s_n0t_s%40f2}' on 36 with kpm 1 [WRONG]
[03/06/2021 10:59:52] None submitted b'debugCTF{httq%20_1s_n%30t_s%40f%32}' on 36 with kpm 1 [WRONG]
[03/06/2021 11:00:00] None submitted b'debugCTF{httq%20_%31s_n%30t_s%40f%32}' on 36 with kpm 2 [WRONG]
[03/06/2021 11:00:06] None submitted b'debugCTF{httq _1s_n0t_sf2}' on 36 with kpm 3 [WRONG]
[03/06/2021 11:01:24] None submitted b'125' on 50 with kpm 0 [WRONG]
[03/06/2021 11:02:22] None submitted b'2' on 50 with kpm 1 [WRONG]
[03/06/2021 11:03:25] None submitted b'3' on 50 with kpm 0 [WRONG]
[03/06/2021 11:12:43] None submitted b'4' on 23 with kpm 0 [WRONG]
[03/06/2021 11:13:10] None submitted b'15' on 50 with kpm 0 [WRONG]
[03/06/2021 11:26:42] None submitted b'debugCTF{s0ck}' on 35 with kpm 0 [WRONG]
[03/06/2021 11:27:07] None submitted b'2' on 31 with kpm 0 [WRONG]
[03/06/2021 11:27:51] None submitted b'debugCTF{2021}' on 31 with kpm 1 [WRONG]
[03/06/2021 11:28:17] None submitted b'debugCTF{Y0U_WI11_B3_G00D_H@CK3R}' on 31 with kpm 1 [CORRECT]
[03/06/2021 11:35:43] None submitted b'debugCTF{Wireshark }' on 44 with kpm 0 [WRONG]
[03/06/2021 11:37:31] None submitted b'tshark -r 221B Baker Street.pcapng -T fields -e usb.capdata' on 13 with kpm 0 [WRONG]
[03/06/2021 11:37:36] None submitted b'\x17\x0cdebugCTF{th3_c@t_sav3d_th3_w0r1d} ' on 13 with kpm 1 [WRONG]
[03/06/2021 11:37:43] None submitted b'\x0cdebugCTF{th3_c@t_sav3d_th3_w0r1d} ' on 13 with kpm 2 [CORRECT]
[03/06/2021 11:43:57] None submitted b'\xec\x98\x88\xeb\xbb\x90\xec\x9a\x94' on 45 with kpm 0 [WRONG]
[03/06/2021 11:45:52] None submitted b'DEBUG' on 45 with kpm 0 [WRONG]
[03/06/2021 11:46:02] None submitted b'DEBUG' on 45 with kpm 1 [WRONG]
[03/06/2021 11:46:38] None submitted b'debug CTF{\xeb\x84\xa4}' on 4 with kpm 2 [WRONG]
[03/06/2021 11:46:47] None submitted b'debug CTF{\xec\x98\x88}' on 4 with kpm 3 [WRONG]
[03/06/2021 11:46:52] None submitted b'\xec\x98\x88' on 4 with kpm 3 [WRONG]
[03/06/2021 11:49:41] None submitted b'1' on 50 with kpm 0 [WRONG]
[03/06/2021 11:49:43] None submitted b'2' on 50 with kpm 1 [WRONG]
[03/06/2021 11:49:46] None submitted b'2' on 50 with kpm 2 [WRONG]
[03/06/2021 11:49:48] None submitted b'3' on 50 with kpm 3 [WRONG]
[03/06/2021 11:49:52] None submitted b'0' on 50 with kpm 4 [WRONG]
[03/06/2021 11:51:52] None submitted b'5' on 50 with kpm 0 [WRONG]
[03/06/2021 12:01:45] None submitted b'debugCTF{we11c0m3_4nd_g3t0ut}' on 10 with kpm 0 [CORRECT]
[03/06/2021 12:06:24] None submitted b'debugCTF{EXAMPLE}' on 24 with kpm 0 [WRONG]
[03/06/2021 12:06:50] None submitted b'YOUAREBEAUTIFULENOUGH' on 24 with kpm 0 [WRONG]
[03/06/2021 12:07:07] None submitted b'debugCTF{YOUAREBEAUTIFULENOUGH}' on 24 with kpm 1 [CORRECT]
[03/06/2021 12:09:32] None submitted b'' on 28 with kpm 0 [WRONG]
[03/06/2021 12:12:01] None submitted b'debugCTF{HOVUFSP}' on 24 with kpm 0 [WRONG]
[03/06/2021 12:12:46] None submitted b'debugCTF{IPMJBFV}' on 24 with kpm 1 [WRONG]
[03/06/2021 12:13:34] None submitted b'564' on 23 with kpm 0 [WRONG]
[03/06/2021 12:14:44] None submitted b'debugCTF{httq&nbsp;_1s_n0t_s@f2}' on 36 with kpm 0 [WRONG]
[03/06/2021 12:14:50] None submitted b'debugCTF{httq+_1s_n0t_s@f2}' on 36 with kpm 1 [WRONG]
[03/06/2021 12:14:53] None submitted b'debugCTF{httq _1s_n0t_s@f2}' on 36 with kpm 2 [WRONG]
[03/06/2021 12:15:05] None submitted b'\xec\x9c\xbc\xec\x9d\xb4\xec\x9d\xb4\xec\x9d\xb4\xec\x9d\xb4\xec\x9d\xb4\xec\x9d\xb4\xec\x9d\xb4\xec\x9d\xb4' on 36 with kpm 3 [WRONG]
[03/06/2021 12:16:17] None submitted b'31718141' on 23 with kpm 0 [CORRECT]
[03/06/2021 12:22:09] None submitted b'3' on 50 with kpm 0 [WRONG]
[03/06/2021 12:28:45] None submitted b'3' on 50 with kpm 0 [WRONG]
[03/06/2021 12:30:21] None submitted b'debugCTF{YOUAREBEAUTIFULENOUGH}' on 25 with kpm 0 [WRONG]
[03/06/2021 12:30:25] None submitted b'2' on 50 with kpm 0 [WRONG]
[03/06/2021 12:30:44] None submitted b'debugCTF{YOUAREBEAUTIFULENOUGH}' on 24 with kpm 1 [ALREADY SOLVED]
[03/06/2021 12:33:20] None submitted b'debug CTF{VFUFV}' on 24 with kpm 0 [WRONG]
[03/06/2021 12:33:44] None submitted b'debug CTF{00002400}' on 32 with kpm 1 [WRONG]
[03/06/2021 12:33:49] None submitted b'debug CTF{00002401}' on 32 with kpm 2 [WRONG]
[03/06/2021 12:34:24] None submitted b'debug CTF{\xec\x98\x88\xeb\xbb\x90\xec\x9a\x94}' on 45 with kpm 2 [WRONG]
[03/06/2021 12:34:30] None submitted b'debug CTF{\xec\x98\x88\xeb\xbb\x90\xec\x9a\x94!}' on 45 with kpm 3 [WRONG]
[03/06/2021 12:35:10] None submitted b'debugCTF{computer}' on 10 with kpm 0 [WRONG]
[03/06/2021 12:35:30] None submitted b'debug CTF{\xec\x98\x88\xeb\xbb\x90\xec\x9a\x94.}' on 45 with kpm 0 [WRONG]
[03/06/2021 12:35:42] None submitted b'debug CTF{\xec\x95\x88 \xec\x98\x88\xeb\xbb\x90\xec\x9a\x94.}' on 45 with kpm 1 [WRONG]
[03/06/2021 12:35:46] None submitted b'debug CTF{\xec\x95\x88 \xec\x98\x88\xeb\xbb\x90\xec\x9a\x94}' on 45 with kpm 2 [WRONG]
[03/06/2021 12:35:53] None submitted b'debug CTF{\xeb\x8c\x80\xec\xb9\xad}' on 45 with kpm 3 [WRONG]
[03/06/2021 12:35:55] None submitted b'debugCTF{Computer}' on 10 with kpm 1 [WRONG]
[03/06/2021 12:36:00] None submitted b'debugCTF{computer}' on 10 with kpm 2 [WRONG]
[03/06/2021 12:36:04] None submitted b'debugCTF{computer.}' on 10 with kpm 3 [WRONG]
[03/06/2021 12:36:08] None submitted b'debug CTF{DEBUG}' on 45 with kpm 4 [WRONG]
[03/06/2021 12:36:18] None submitted b'debug CTF{DEB03}' on 45 with kpm 5 [WRONG]
[03/06/2021 12:36:41] None submitted b'13' on 50 with kpm 0 [WRONG]
[03/06/2021 12:38:35] None submitted b'0' on 50 with kpm 0 [WRONG]
[03/06/2021 12:39:30] None submitted b'debugCTF{we11c0m3_4nd_g3t0ut}' on 10 with kpm 0 [CORRECT]
[03/06/2021 12:40:51] None submitted b'debugCTF{th@nk_u_f0r_ur_part1cipat1on}' on 4 with kpm 0 [CORRECT]
[03/06/2021 12:40:59] None submitted b'debugCTF{httq _1s_n0t_s@f2}' on 36 with kpm 0 [WRONG]
[03/06/2021 12:41:03] None submitted b'debugCTF{httq _1s_n0t_saf2}' on 36 with kpm 1 [WRONG]
[03/06/2021 12:41:08] None submitted b'debugCTF{httq%20_1s_n0t_saf2}' on 36 with kpm 2 [WRONG]
[03/06/2021 12:41:11] None submitted b'debugCTF{httq%40_1s_n0t_saf2}' on 36 with kpm 3 [WRONG]
[03/06/2021 12:42:08] None submitted b'\xeb\xac\xb4\xeb\x8b\xb9\xeb\xb2\x8c\xeb\xa0\x88' on 42 with kpm 0 [CORRECT]
[03/06/2021 12:44:01] None submitted b's' on 43 with kpm 0 [WRONG]
[03/06/2021 12:44:40] None submitted b'/' on 43 with kpm 1 [WRONG]
[03/06/2021 12:45:19] None submitted b'' on 26 with kpm 0 [WRONG]
[03/06/2021 12:47:15] None submitted b'625' on 50 with kpm 0 [WRONG]
[03/06/2021 12:47:20] None submitted b'25' on 50 with kpm 1 [WRONG]
[03/06/2021 12:47:24] None submitted b'5' on 50 with kpm 2 [WRONG]
[03/06/2021 12:47:59] None submitted b"'s'" on 43 with kpm 3 [WRONG]
[03/06/2021 12:48:35] None submitted b'debugCTF{god_in_the_machine}' on 19 with kpm 0 [WRONG]
[03/06/2021 12:49:25] None submitted b'debugCTF{i_am_god}' on 19 with kpm 1 [WRONG]
[03/06/2021 12:49:33] None submitted b'debugCTF{you_and_i}' on 19 with kpm 2 [WRONG]
[03/06/2021 12:49:39] None submitted b'debugCTF{machine_is_god}' on 19 with kpm 2 [WRONG]
[03/06/2021 12:49:42] None submitted b'httq+_1s_n0t_s%40f2' on 36 with kpm 0 [WRONG]
[03/06/2021 12:49:46] None submitted b'debugCTF{in_the_machine}' on 19 with kpm 3 [WRONG]
[03/06/2021 12:49:53] None submitted b'debugCTF{machine_is_god}' on 19 with kpm 4 [WRONG]
[03/06/2021 12:49:55] None submitted b'debugCTF{httq+_1s_n0t_s%40f2}' on 36 with kpm 1 [CORRECT]
[03/06/2021 12:50:05] None submitted b'debugCTF{human_is_god}' on 19 with kpm 5 [WRONG]
[03/06/2021 12:50:10] None submitted b'debugCTF{you_are_god}' on 19 with kpm 6 [WRONG]
[03/06/2021 12:50:11] None submitted b'debugCTF{you_are_a_god}' on 19 with kpm 7 [WRONG]
[03/06/2021 12:50:13] None submitted b'debugCTF{you_are_a_god}' on 19 with kpm 8 [WRONG]
[03/06/2021 12:50:23] None submitted b'debugCTF{you}' on 19 with kpm 9 [WRONG]
[03/06/2021 12:50:24] None submitted b'\xec\x9d\xb4\xeb\x88\x84\xeb\xb9\x84\xec\x8a\xa4' on 41 with kpm 0 [WRONG]
[03/06/2021 12:50:29] None submitted b'\xec\x95\x84\xeb\x88\x84\xeb\xb9\x84\xec\x8a\xa4' on 41 with kpm 1 [CORRECT]
[03/06/2021 12:51:29] None submitted b'1024' on 50 with kpm 0 [WRONG]
[03/06/2021 12:51:43] None submitted b'debugCTF{we11c0m3_4nd_g3t0ut}' on 10 with kpm 0 [CORRECT]
[03/06/2021 12:52:38] None submitted b'debugCTF{the_machine}' on 19 with kpm 0 [WRONG]
[03/06/2021 12:52:44] None submitted b'debugCTF{the_machine_in_front_of_me}' on 19 with kpm 1 [WRONG]
[03/06/2021 12:54:36] None submitted b' ' on 43 with kpm 0 [WRONG]
[03/06/2021 12:55:16] None submitted b's' on 43 with kpm 1 [WRONG]
[03/06/2021 12:55:18] None submitted b"'s'" on 43 with kpm 2 [WRONG]
[03/06/2021 12:55:19] None submitted b"'s'" on 43 with kpm 3 [WRONG]
[03/06/2021 12:55:20] None submitted b"'s'" on 43 with kpm 4 [WRONG]
[03/06/2021 12:55:38] None submitted b':' on 43 with kpm 4 [WRONG]
[03/06/2021 12:55:42] None submitted b'/' on 43 with kpm 5 [WRONG]
[03/06/2021 12:55:48] None submitted b's' on 43 with kpm 6 [WRONG]
[03/06/2021 12:55:51] None submitted b't' on 43 with kpm 7 [WRONG]
[03/06/2021 12:55:55] None submitted b'p' on 43 with kpm 8 [WRONG]
[03/06/2021 12:56:07] None submitted b'S' on 43 with kpm 9 [WRONG]
[03/06/2021 12:57:21] None submitted b'3171' on 23 with kpm 0 [WRONG]
[03/06/2021 12:57:38] None submitted b'f' on 43 with kpm 1 [WRONG]
[03/06/2021 12:57:43] None submitted b't' on 43 with kpm 2 [WRONG]
[03/06/2021 12:57:47] None submitted b'c' on 43 with kpm 3 [WRONG]
[03/06/2021 12:58:02] None submitted b'k' on 43 with kpm 4 [WRONG]
[03/06/2021 12:58:06] None submitted b'u' on 43 with kpm 5 [WRONG]
[03/06/2021 12:58:09] None submitted b'd' on 43 with kpm 6 [WRONG]
[03/06/2021 12:58:13] None submitted b'e' on 43 with kpm 7 [WRONG]
[03/06/2021 12:58:16] None submitted b'b' on 43 with kpm 8 [WRONG]
[03/06/2021 12:58:20] None submitted b'u' on 43 with kpm 9 [WRONG]
[03/06/2021 12:58:24] None submitted b'g' on 43 with kpm 9 [WRONG]
[03/06/2021 12:58:47] None submitted b'317184' on 23 with kpm 7 [WRONG]
[03/06/2021 12:59:01] None submitted b'5' on 50 with kpm 0 [WRONG]
[03/06/2021 12:59:05] None submitted b'7' on 50 with kpm 1 [WRONG]
[03/06/2021 12:59:08] None submitted b'8' on 50 with kpm 2 [WRONG]
[03/06/2021 12:59:10] None submitted b'13' on 50 with kpm 3 [WRONG]
[03/06/2021 12:59:13] None submitted b'28' on 50 with kpm 4 [WRONG]
[03/06/2021 12:59:25] None submitted b'500' on 50 with kpm 1 [WRONG]
[03/06/2021 12:59:43] None submitted b'debugCTF{god_we_wish_it_were}' on 19 with kpm 0 [WRONG]
[03/06/2021 12:59:47] None submitted b'debugCTF{we_wish_it_were}' on 19 with kpm 1 [WRONG]
[03/06/2021 13:42:30] None submitted b'//' on 43 with kpm 0 [ALREADY SOLVED]
[03/06/2021 13:46:36] None submitted b'//' on 43 with kpm 0 [ALREADY SOLVED]
[03/06/2021 13:46:40] None submitted b'gfrh' on 43 with kpm 0 [ALREADY SOLVED]
[03/06/2021 13:47:00] None submitted b'//' on 43 with kpm 0 [ALREADY SOLVED]
[03/06/2021 13:47:11] None submitted b'//' on 43 with kpm 0 [ALREADY SOLVED]
[03/06/2021 13:47:12] None submitted b'//' on 43 with kpm 0 [ALREADY SOLVED]
[03/06/2021 13:47:15] None submitted b'//dsfgdfg' on 43 with kpm 0 [ALREADY SOLVED]
[03/06/2021 14:23:05] None submitted b'debugCTF{nW1Xpl3PJ2Se1VaC}' on 36 with kpm 0 [ALREADY SOLVED]
[03/06/2021 15:14:43] None submitted b'debugCTF{httq+_1s_n0t_s%40f2}' on 36 with kpm 0 [ALREADY SOLVED]
[03/06/2021 17:06:55] None submitted b'\xeb\xac\xb4\xeb\x8b\xb9\xeb\xb2\x8c\xeb\xa0\x88' on 42 with kpm 0 [CORRECT]
[03/06/2021 17:08:22] None submitted b'31718141' on 23 with kpm 0 [CORRECT]
[03/06/2021 17:14:28] None submitted b'\xec\x84\xb8\xec\x83\x81\xec\x97\x90 \xeb\x84\x88\xeb\xac\xb4 \xea\xb7\x80\xec\x97\xac\xec\x9a\xb4 \xeb\xbd\x80\xec\x8b\x9c\xeb\x9e\x98\xea\xb8\xb0\xea\xb0\x80...' on 13 with kpm 0 [WRONG]
[03/06/2021 17:14:33] None submitted b'\xeb\x84\xa4' on 13 with kpm 1 [WRONG]
[03/06/2021 17:14:41] None submitted b'991' on 13 with kpm 2 [WRONG]
[03/07/2021 10:55:05] None submitted b'\xeb\xac\xb4\xeb\x8b\xb9\xeb\xb2\x8c\xeb\xa0\x88' on 42 with kpm 0 [CORRECT]
[03/07/2021 10:56:32] None submitted b'https://' on 43 with kpm 0 [WRONG]
[03/07/2021 10:56:37] None submitted b's' on 43 with kpm 1 [WRONG]
[03/07/2021 10:56:50] None submitted b'https' on 43 with kpm 2 [WRONG]
[03/07/2021 11:00:59] None submitted b'admin' on 7 with kpm 0 [WRONG]
[03/07/2021 11:05:31] None submitted b'' on 4 with kpm 0 [WRONG]
[03/07/2021 11:05:57] None submitted b'ctf' on 43 with kpm 1 [WRONG]
[03/07/2021 11:06:13] None submitted b'https' on 43 with kpm 2 [WRONG]
[03/07/2021 11:06:22] None submitted b's' on 43 with kpm 3 [WRONG]
[03/07/2021 11:06:28] None submitted b':' on 43 with kpm 4 [WRONG]
[03/07/2021 11:06:35] None submitted b'//' on 43 with kpm 4 [CORRECT]
[03/07/2021 11:09:19] None submitted b'https://15.165.73.68/30002' on 32 with kpm 0 [WRONG]
[03/07/2021 11:37:52] None submitted b'http://qus-ti.tistory.com/11' on 10 with kpm 0 [WRONG]
[03/07/2021 11:38:00] None submitted b'http://bus-ti.tistory.com/11' on 10 with kpm 1 [WRONG]
[03/07/2021 11:38:06] None submitted b'http://fus-ti.tistory.com/11' on 10 with kpm 2 [WRONG]
[03/07/2021 11:38:10] None submitted b'http://gus-ti.tistory.com/11' on 10 with kpm 3 [WRONG]
[03/07/2021 11:38:15] None submitted b'http://jus-ti.tistory.com/11' on 10 with kpm 4 [WRONG]
[03/07/2021 11:38:20] None submitted b'http://kus-ti.tistory.com/11' on 10 with kpm 5 [WRONG]
[03/07/2021 11:38:28] None submitted b'http://lus-ti.tistory.com/11' on 10 with kpm 6 [WRONG]
[03/07/2021 11:38:35] None submitted b'http://nus-ti.tistory.com/11' on 10 with kpm 7 [WRONG]
[03/07/2021 11:38:41] None submitted b'http://uus-ti.tistory.com/11' on 10 with kpm 8 [WRONG]
[03/07/2021 11:39:07] None submitted b'http://vus-ti.tistory.com/11' on 10 with kpm 6 [WRONG]
[03/07/2021 11:39:11] None submitted b'http://zus-ti.tistory.com/11' on 10 with kpm 6 [WRONG]
[03/07/2021 11:42:26] None submitted b'http://xus-ti.tistory.com/11' on 10 with kpm 0 [WRONG]
[03/07/2021 11:42:40] None submitted b'http://xus-ti.tistory.com' on 10 with kpm 1 [WRONG]
[03/07/2021 11:44:47] None submitted b'http://nus-ti.tistory.com/11' on 10 with kpm 0 [WRONG]
[03/07/2021 11:44:51] None submitted b'http://nus-ti.tistory.com' on 10 with kpm 1 [WRONG]
[03/07/2021 11:46:22] None submitted b'http://nus-ti.tistory.com/11' on 10 with kpm 0 [WRONG]
[03/07/2021 11:47:16] None submitted b'tistory' on 10 with kpm 1 [WRONG]
[03/07/2021 11:48:25] None submitted b'\xed\x8b\xb0\xec\x8a\xa4\xed\x86\xa0\xeb\xa6\xac' on 10 with kpm 0 [WRONG]
